<?xml version="1.0" encoding="UTF-8"?>
<testsuite xmlns:xsi="http://www.w3.org/2001/XMLSchema-instance" xsi:noNamespaceSchemaLocation="https://maven.apache.org/surefire/maven-surefire-plugin/xsd/surefire-test-report-3.0.xsd" version="3.0" name="com.hakan.microservices.composite.product.CompositeProductApplicationTests" time="1.066" tests="1" errors="0" skipped="0" failures="0">
  <properties>
[...]
</properties>
  <testcase name="contextLoads" classname="com.hakan.microservices.composite.product.CompositeProductApplicationTests" time="0.341">
    <system-out><![CDATA[23:36:19.383 [main] INFO org.springframework.test.context.support.AnnotationConfigContextLoaderUtils -- Could not detect default configuration classes for test class [com.hakan.microservices.composite.product.CompositeProductApplicationTests]: CompositeProductApplicationTests does not declare any static, non-private, non-final, nested classes annotated with @Configuration.
23:36:19.416 [main] INFO org.springframework.boot.test.context.SpringBootTestContextBootstrapper -- Found @SpringBootConfiguration com.hakan.microservices.composite.product.CompositeProductApplication for test class com.hakan.microservices.composite.product.CompositeProductApplicationTests

  .   ____          _            __ _ _
 /\\ / ___'_ __ _ _(_)_ __  __ _ \ \ \ \
( ( )\___ | '_ | '_| | '_ \/ _` | \ \ \ \
 \\/  ___)| |_)| | | | | || (_| |  ) ) ) )
  '  |____| .__|_| |_|_| |_\__, | / / / /
 =========|_|==============|___/=/_/_/_/
 :: Spring Boot ::                (v3.1.2)

2023-07-30T23:36:19.529+03:00  INFO 14168 --- [           main] h.m.c.p.CompositeProductApplicationTests : Starting CompositeProductApplicationTests using Java 17.0.8 with PID 14168 (started by hakankurt in /Users/hakankurt/Documents/microservices/parent-project/composite-product)
2023-07-30T23:36:19.529+03:00  INFO 14168 --- [           main] h.m.c.p.CompositeProductApplicationTests : No active profile set, falling back to 1 default profile: "default"
2023-07-30T23:36:19.944+03:00  INFO 14168 --- [           main] o.s.b.a.e.web.EndpointLinksResolver      : Exposing 1 endpoint(s) beneath base path '/actuator'
2023-07-30T23:36:20.046+03:00  INFO 14168 --- [           main] h.m.c.p.CompositeProductApplicationTests : Started CompositeProductApplicationTests in 0.591 seconds (process running for 0.905)
]]></system-out>
  </testcase>
</testsuite>